<?xml version="1.0" encoding="UTF-8"?>
<!-- Generated by org.testng.reporters.JUnitXMLReporter -->
<testsuite ignored="0" hostname="HP-Laptop-22" failures="0" tests="2" name="Default test" time="10.346" errors="0" timestamp="2024-12-12T18:21:56 IST">
  <testcase classname="io.cucumber.testng.AbstractTestNGCucumberTests" name="runScenario" time="8.322"/>
  <testcase classname="io.cucumber.testng.AbstractTestNGCucumberTests" name="runScenario" time="0.697"/>
</testsuite> <!-- Default test -->
