<?xml version="1.0" encoding="UTF-8"?>
<testng-results ignored="0" total="2" passed="2" failed="0" skipped="0">
  <reporter-output>
  </reporter-output>
  <suite started-at="2024-12-12T18:21:46 IST" name="Default suite" finished-at="2024-12-12T18:21:56 IST" duration-ms="10346">
    <groups>
      <group name="cucumber">
        <method signature="AbstractTestNGCucumberTests.runScenario(io.cucumber.testng.PickleWrapper,io.cucumber.testng.FeatureWrapper)[pri:0, instance:LetCode.com.TestRunner@2f54a33d]" name="runScenario" class="io.cucumber.testng.AbstractTestNGCucumberTests"/>
      </group> <!-- cucumber -->
    </groups>
    <test started-at="2024-12-12T18:21:46 IST" name="Default test" finished-at="2024-12-12T18:21:56 IST" duration-ms="10346">
      <class name="LetCode.com.TestRunner">
        <test-method is-config="true" signature="setUpClass(org.testng.ITestContext)[pri:0, instance:LetCode.com.TestRunner@2f54a33d]" started-at="2024-12-12T18:21:46 IST" name="setUpClass" finished-at="2024-12-12T18:21:47 IST" duration-ms="1123" status="PASS">
          <params>
            <param index="0">
              <value>
                <![CDATA[org.testng.TestRunner@3874b815]]>
              </value>
            </param>
          </params>
          <reporter-output>
          </reporter-output>
        </test-method> <!-- setUpClass -->
        <test-method signature="runScenario(io.cucumber.testng.PickleWrapper,io.cucumber.testng.FeatureWrapper)[pri:0, instance:LetCode.com.TestRunner@2f54a33d]" started-at="2024-12-12T18:21:47 IST" name="runScenario" description="Runs Cucumber Scenarios" data-provider="scenarios" finished-at="2024-12-12T18:21:55 IST" duration-ms="8322" status="PASS">
          <params>
            <param index="0">
              <value>
                <![CDATA["DragAndDrop scenario"]]>
              </value>
            </param>
            <param index="1">
              <value>
                <![CDATA["DragDrop feature"]]>
              </value>
            </param>
          </params>
          <reporter-output>
          </reporter-output>
        </test-method> <!-- runScenario -->
        <test-method signature="runScenario(io.cucumber.testng.PickleWrapper,io.cucumber.testng.FeatureWrapper)[pri:0, instance:LetCode.com.TestRunner@2f54a33d]" started-at="2024-12-12T18:21:55 IST" name="runScenario" description="Runs Cucumber Scenarios" data-provider="scenarios" finished-at="2024-12-12T18:21:56 IST" duration-ms="697" status="PASS">
          <params>
            <param index="0">
              <value>
                <![CDATA["Drop scenario"]]>
              </value>
            </param>
            <param index="1">
              <value>
                <![CDATA["DragDrop feature"]]>
              </value>
            </param>
          </params>
          <reporter-output>
          </reporter-output>
        </test-method> <!-- runScenario -->
        <test-method is-config="true" signature="tearDownClass()[pri:0, instance:LetCode.com.TestRunner@2f54a33d]" started-at="2024-12-12T18:21:56 IST" name="tearDownClass" finished-at="2024-12-12T18:21:56 IST" duration-ms="101" status="PASS">
          <reporter-output>
          </reporter-output>
        </test-method> <!-- tearDownClass -->
      </class> <!-- LetCode.com.TestRunner -->
    </test> <!-- Default test -->
  </suite> <!-- Default suite -->
</testng-results>
